[0m[[0minfo[0m] [0mLoading global plugins from /home/valdis/.sbt/0.13/plugins[0m
[0m[[0minfo[0m] [0mLoading project definition from /home/valdis/scala-native/project[0m
Using default gc
[0m[[0minfo[0m] [0mResolving key references (12269 settings) ...[0m
Missing bintray credentials /home/valdis/.bintray/.credentials. Some bintray features depend on this.
Missing bintray credentials /home/valdis/.bintray/.credentials. Some bintray features depend on this.
Missing bintray credentials /home/valdis/.bintray/.credentials. Some bintray features depend on this.
Missing bintray credentials /home/valdis/.bintray/.credentials. Some bintray features depend on this.
Missing bintray credentials /home/valdis/.bintray/.credentials. Some bintray features depend on this.
Missing bintray credentials /home/valdis/.bintray/.credentials. Some bintray features depend on this.
Missing bintray credentials /home/valdis/.bintray/.credentials. Some bintray features depend on this.
Missing bintray credentials /home/valdis/.bintray/.credentials. Some bintray features depend on this.
Missing bintray credentials /home/valdis/.bintray/.credentials. Some bintray features depend on this.
Missing bintray credentials /home/valdis/.bintray/.credentials. Some bintray features depend on this.
Missing bintray credentials /home/valdis/.bintray/.credentials. Some bintray features depend on this.
Missing bintray credentials /home/valdis/.bintray/.credentials. Some bintray features depend on this.
Missing bintray credentials /home/valdis/.bintray/.credentials. Some bintray features depend on this.
Missing bintray credentials /home/valdis/.bintray/.credentials. Some bintray features depend on this.
Missing bintray credentials /home/valdis/.bintray/.credentials. Some bintray features depend on this.
Missing bintray credentials /home/valdis/.bintray/.credentials. Some bintray features depend on this.
Missing bintray credentials /home/valdis/.bintray/.credentials. Some bintray features depend on this.
Missing bintray credentials /home/valdis/.bintray/.credentials. Some bintray features depend on this.
Missing bintray credentials /home/valdis/.bintray/.credentials. Some bintray features depend on this.
Missing bintray credentials /home/valdis/.bintray/.credentials. Some bintray features depend on this.
[0m[[0minfo[0m] [0mSet current project to scala-native (in build file:/home/valdis/scala-native/)[0m
[0m[[33mwarn[0m] [0mCredentials file /home/valdis/.bintray/.credentials does not exist[0m
[0m[[33mwarn[0m] [0mCredentials file /home/valdis/.bintray/.credentials does not exist[0m
[0m[[33mwarn[0m] [0mCredentials file /home/valdis/.bintray/.credentials does not exist[0m
[0m[[33mwarn[0m] [0mCredentials file /home/valdis/.bintray/.credentials does not exist[0m
[0m[[33mwarn[0m] [0mCredentials file /home/valdis/.bintray/.credentials does not exist[0m
[0m[[33mwarn[0m] [0mCredentials file /home/valdis/.bintray/.credentials does not exist[0m
[0m[[33mwarn[0m] [0mCredentials file /home/valdis/.bintray/.credentials does not exist[0m
[0m[[33mwarn[0m] [0mCredentials file /home/valdis/.bintray/.credentials does not exist[0m
[0m[[33mwarn[0m] [0mCredentials file /home/valdis/.bintray/.credentials does not exist[0m
[0m[[33mwarn[0m] [0mCredentials file /home/valdis/.bintray/.credentials does not exist[0m
[0m[[33mwarn[0m] [0mCredentials file /home/valdis/.bintray/.credentials does not exist[0m
[0m[[33mwarn[0m] [0mCredentials file /home/valdis/.bintray/.credentials does not exist[0m
[0m[[33mwarn[0m] [0mCredentials file /home/valdis/.bintray/.credentials does not exist[0m
[0m[[33mwarn[0m] [0mCredentials file /home/valdis/.bintray/.credentials does not exist[0m
[0m[[33mwarn[0m] [0mCredentials file /home/valdis/.bintray/.credentials does not exist[0m
[0m[[33mwarn[0m] [0mCredentials file /home/valdis/.bintray/.credentials does not exist[0m
[0m[[33mwarn[0m] [0mCredentials file /home/valdis/.bintray/.credentials does not exist[0m
[0m[[33mwarn[0m] [0mCredentials file /home/valdis/.bintray/.credentials does not exist[0m
[0m[[33mwarn[0m] [0mCredentials file /home/valdis/.bintray/.credentials does not exist[0m
[0m[[33mwarn[0m] [0mCredentials file /home/valdis/.bintray/.credentials does not exist[0m
[0m[[32msuccess[0m] [0mTotal time: 0 s, completed Sep 27, 2017 3:41:20 PM[0m
[0m[[32msuccess[0m] [0mTotal time: 13 s, completed Sep 27, 2017 3:41:33 PM[0m
[0m[[32msuccess[0m] [0mTotal time: 1 s, completed Sep 27, 2017 3:41:34 PM[0m
[0m[[0minfo[0m] [0mPackaging /home/valdis/scala-native/nscplugin/target/scala-2.11/nscplugin_2.11.11-0.4.0-SNAPSHOT-sources.jar ...[0m
[0m[[33mwarn[0m] [0mCredentials file /home/valdis/.bintray/.credentials does not exist[0m
[0m[[0minfo[0m] [0mUpdating {file:/home/valdis/scala-native/}nscplugin...[0m
[0m[[0minfo[0m] [0mWrote /home/valdis/scala-native/nscplugin/target/scala-2.11/nscplugin_2.11.11-0.4.0-SNAPSHOT.pom[0m
[0m[[0minfo[0m] [0mDone packaging.[0m
[0m[[0minfo[0m] [0mResolving org.scala-lang#scala-compiler;2.11.11 ...[0m
[A[2K[0m[[0minfo[0m] [0mResolving org.scala-lang#scala-library;2.11.11 ...[0m
[A[2K[0m[[0minfo[0m] [0mResolving org.scala-lang#scala-reflect;2.11.11 ...[0m
[A[2K[0m[[0minfo[0m] [0mResolving org.scala-lang.modules#scala-xml_2.11;1.0.5 ...[0m
[A[2K[0m[[0minfo[0m] [0mResolving org.scala-lang.modules#scala-parser-combinators_2.11;1.0.4 ...[0m
[A[2K[0m[[0minfo[0m] [0mResolving jline#jline;2.14.3 ...[0m
[0m[[0minfo[0m] [0mDone updating.[0m
[0m[[0minfo[0m] [0m:: delivering :: org.scala-native#nscplugin_2.11.11;0.4.0-SNAPSHOT :: 0.4.0-SNAPSHOT :: integration :: Wed Sep 27 15:41:35 CEST 2017[0m
[0m[[0minfo[0m] [0m	delivering ivy file to /home/valdis/scala-native/nscplugin/target/scala-2.11/ivy-0.4.0-SNAPSHOT.xml[0m
[0m[[0minfo[0m] [0mMain Scala API documentation to /home/valdis/scala-native/nscplugin/target/scala-2.11/api...[0m
[0m[[0minfo[0m] [0mCompiling 44 Scala sources to /home/valdis/scala-native/nscplugin/target/scala-2.11/classes...[0m
model contains 263 documentable templates
[0m[[33mwarn[0m] [0m/home/valdis/scala-native/nscplugin/src/main/scala/scala/scalanative/nscplugin/NirGenExpr.scala:1376: match may not be exhaustive.[0m
[0m[[33mwarn[0m] [0mIt would fail on the following input: (Class(_), Void)[0m
[0m[[33mwarn[0m] [0m        val conv = (fromty, toty) match {[0m
[0m[[33mwarn[0m] [0m                   ^[0m
[0m[[33mwarn[0m] [0m/home/valdis/scala-native/nscplugin/src/main/scala/scala/scalanative/nscplugin/NirGenName.scala:92: match may not be exhaustive.[0m
[0m[[33mwarn[0m] [0mIt would fail on the following inputs: Byte, Int, Long, Short, UByte, UInt, ULong, UShort[0m
[0m[[33mwarn[0m] [0m    def printType(ty: nir.Type): Unit = ty match {[0m
[0m[[33mwarn[0m] [0m                                        ^[0m
[0m[[0minfo[0m] [0mMain Scala API documentation successful.[0m
[0m[[0minfo[0m] [0mPackaging /home/valdis/scala-native/nscplugin/target/scala-2.11/nscplugin_2.11.11-0.4.0-SNAPSHOT-javadoc.jar ...[0m
[0m[[0minfo[0m] [0mDone packaging.[0m
[0m[[33mwarn[0m] [0mthere were two unchecked warnings; re-run with -unchecked for details[0m
[0m[[33mwarn[0m] [0mthree warnings found[0m
[0m[[0minfo[0m] [0mPackaging /home/valdis/scala-native/nscplugin/target/scala-2.11/nscplugin_2.11.11-0.4.0-SNAPSHOT.jar ...[0m
[0m[[0minfo[0m] [0mDone packaging.[0m
[0m[[0minfo[0m] [0m	published nscplugin_2.11.11 to /home/valdis/.ivy2/local/org.scala-native/nscplugin_2.11.11/0.4.0-SNAPSHOT/poms/nscplugin_2.11.11.pom[0m
[0m[[0minfo[0m] [0m	published nscplugin_2.11.11 to /home/valdis/.ivy2/local/org.scala-native/nscplugin_2.11.11/0.4.0-SNAPSHOT/jars/nscplugin_2.11.11.jar[0m
[0m[[0minfo[0m] [0m	published nscplugin_2.11.11 to /home/valdis/.ivy2/local/org.scala-native/nscplugin_2.11.11/0.4.0-SNAPSHOT/srcs/nscplugin_2.11.11-sources.jar[0m
[0m[[0minfo[0m] [0m	published nscplugin_2.11.11 to /home/valdis/.ivy2/local/org.scala-native/nscplugin_2.11.11/0.4.0-SNAPSHOT/docs/nscplugin_2.11.11-javadoc.jar[0m
[0m[[0minfo[0m] [0m	published ivy to /home/valdis/.ivy2/local/org.scala-native/nscplugin_2.11.11/0.4.0-SNAPSHOT/ivys/ivy.xml[0m
[0m[[32msuccess[0m] [0mTotal time: 37 s, completed Sep 27, 2017 3:42:11 PM[0m
[0m[[33mwarn[0m] [0mCredentials file /home/valdis/.bintray/.credentials does not exist[0m
[0m[[0minfo[0m] [0mPackaging /home/valdis/scala-native/nativelib/target/scala-2.11/nativelib_native0.4.0-SNAPSHOT_2.11-0.4.0-SNAPSHOT-sources.jar ...[0m
[0m[[0minfo[0m] [0mUpdating {file:/home/valdis/scala-native/}nativelib...[0m
[0m[[0minfo[0m] [0mWrote /home/valdis/scala-native/nativelib/target/scala-2.11/nativelib_native0.4.0-SNAPSHOT_2.11-0.4.0-SNAPSHOT.pom[0m
[0m[[0minfo[0m] [0mResolving org.scala-lang#scala-library;2.11.11 ...[0m
[A[2K[0m[[0minfo[0m] [0mResolving org.scala-lang#scala-reflect;2.11.11 ...[0m
[A[2K[0m[[0minfo[0m] [0mResolving org.scala-native#nscplugin_2.11.11;0.4.0-SNAPSHOT ...[0m
[A[2K[0m[[0minfo[0m] [0mResolving org.scala-native#nscplugin_2.11.11;0.4.0-SNAPSHOT ...[0m
[0m[[0minfo[0m] [0mDone packaging.[0m
[0m[[0minfo[0m] [0mResolving org.scala-lang#scala-compiler;2.11.11 ...[0m
[A[2K[0m[[0minfo[0m] [0mResolving org.scala-lang.modules#scala-xml_2.11;1.0.5 ...[0m
[A[2K[0m[[0minfo[0m] [0mResolving org.scala-lang.modules#scala-parser-combinators_2.11;1.0.4 ...[0m
[A[2K[0m[[0minfo[0m] [0mResolving jline#jline;2.14.3 ...[0m
[0m[[0minfo[0m] [0mDone updating.[0m
[0m[[0minfo[0m] [0m:: delivering :: org.scala-native#nativelib_native0.4.0-SNAPSHOT_2.11;0.4.0-SNAPSHOT :: 0.4.0-SNAPSHOT :: integration :: Wed Sep 27 15:42:13 CEST 2017[0m
[0m[[0minfo[0m] [0m	delivering ivy file to /home/valdis/scala-native/nativelib/target/scala-2.11/ivy-0.4.0-SNAPSHOT.xml[0m
[0m[[0minfo[0m] [0mMain Scala API documentation to /home/valdis/scala-native/nativelib/target/scala-2.11/api...[0m
[0m[[0minfo[0m] [0mCompiling 83 Scala sources to /home/valdis/scala-native/nativelib/target/scala-2.11/classes...[0m
[0m[[33mwarn[0m] [0mdropping dependency on node with no phase object: mixin[0m
[0m[[33mwarn[0m] [0mthere were 44 feature warnings; re-run with -feature for details[0m
model contains 311 documentable templates
[0m[[33mwarn[0m] [0mone warning found[0m
[0m[[0minfo[0m] [0mMain Scala API documentation successful.[0m
[0m[[0minfo[0m] [0mPackaging /home/valdis/scala-native/nativelib/target/scala-2.11/nativelib_native0.4.0-SNAPSHOT_2.11-0.4.0-SNAPSHOT-javadoc.jar ...[0m
[0m[[0minfo[0m] [0mDone packaging.[0m
[0m[[33mwarn[0m] [0mthere were 44 feature warnings; re-run with -feature for details[0m
[0m[[33mwarn[0m] [0mone warning found[0m
[0m[[0minfo[0m] [0mBecause /home/valdis/scala-native/nativelib/src/main/scala/scala/scalanative/native/package.scala contains a macro definition, the following dependencies are invalidated unconditionally:[0m
[0m[[0minfo[0m] [0m	/home/valdis/scala-native/nativelib/src/main/scala/java/lang/Class.scala[0m
[0m[[0minfo[0m] [0m	/home/valdis/scala-native/nativelib/src/main/scala/java/lang/Object.scala[0m
[0m[[0minfo[0m] [0m	/home/valdis/scala-native/nativelib/src/main/scala/java/net/SocketHelpers.scala[0m
[0m[[0minfo[0m] [0m	/home/valdis/scala-native/nativelib/src/main/scala/scala/concurrent/forkjoin/ForkJoinPool.scala[0m
[0m[[0minfo[0m] [0m	/home/valdis/scala-native/nativelib/src/main/scala/scala/concurrent/forkjoin/ForkJoinTask.scala[0m
[0m[[0minfo[0m] [0m	/home/valdis/scala-native/nativelib/src/main/scala/scala/scalanative/native/Ptr.scala[0m
[0m[[0minfo[0m] [0m	/home/valdis/scala-native/nativelib/src/main/scala/scala/scalanative/native/Zone.scala[0m
[0m[[0minfo[0m] [0m	/home/valdis/scala-native/nativelib/src/main/scala/scala/scalanative/native/complex.scala[0m
[0m[[0minfo[0m] [0m	/home/valdis/scala-native/nativelib/src/main/scala/scala/scalanative/native/ctype.scala[0m
[0m[[0minfo[0m] [0m	/home/valdis/scala-native/nativelib/src/main/scala/scala/scalanative/native/errno.scala[0m
[0m[[0minfo[0m] [0m	/home/valdis/scala-native/nativelib/src/main/scala/scala/scalanative/native/math.scala[0m
[0m[[0minfo[0m] [0m	/home/valdis/scala-native/nativelib/src/main/scala/scala/scalanative/native/signal.scala[0m
[0m[[0minfo[0m] [0m	/home/valdis/scala-native/nativelib/src/main/scala/scala/scalanative/native/statvfs.scala[0m
[0m[[0minfo[0m] [0m	/home/valdis/scala-native/nativelib/src/main/scala/scala/scalanative/native/stdio.scala[0m
[0m[[0minfo[0m] [0m	/home/valdis/scala-native/nativelib/src/main/scala/scala/scalanative/native/stdlib.scala[0m
[0m[[0minfo[0m] [0m	/home/valdis/scala-native/nativelib/src/main/scala/scala/scalanative/native/string.scala[0m
[0m[[0minfo[0m] [0m	/home/valdis/scala-native/nativelib/src/main/scala/scala/scalanative/posix/arpa/inet.scala[0m
[0m[[0minfo[0m] [0m	/home/valdis/scala-native/nativelib/src/main/scala/scala/scalanative/posix/dirent.scala[0m
[0m[[0minfo[0m] [0m	/home/valdis/scala-native/nativelib/src/main/scala/scala/scalanative/posix/errno.scala[0m
[0m[[0minfo[0m] [0m	/home/valdis/scala-native/nativelib/src/main/scala/scala/scalanative/posix/fcntl.scala[0m
[0m[[0minfo[0m] [0m	/home/valdis/scala-native/nativelib/src/main/scala/scala/scalanative/posix/grp.scala[0m
[0m[[0minfo[0m] [0m	/home/valdis/scala-native/nativelib/src/main/scala/scala/scalanative/posix/limits.scala[0m
[0m[[0minfo[0m] [0m	/home/valdis/scala-native/nativelib/src/main/scala/scala/scalanative/posix/netdb.scala[0m
[0m[[0minfo[0m] [0m	/home/valdis/scala-native/nativelib/src/main/scala/scala/scalanative/posix/netinet/in.scala[0m
[0m[[0minfo[0m] [0m	/home/valdis/scala-native/nativelib/src/main/scala/scala/scalanative/posix/netinet/tcp.scala[0m
[0m[[0minfo[0m] [0m	/home/valdis/scala-native/nativelib/src/main/scala/scala/scalanative/posix/pthread.scala[0m
[0m[[0minfo[0m] [0m	/home/valdis/scala-native/nativelib/src/main/scala/scala/scalanative/posix/pwd.scala[0m
[0m[[0minfo[0m] [0m	/home/valdis/scala-native/nativelib/src/main/scala/scala/scalanative/posix/regex.scala[0m
[0m[[0minfo[0m] [0m	/home/valdis/scala-native/nativelib/src/main/scala/scala/scalanative/posix/sched.scala[0m
[0m[[0minfo[0m] [0m	/home/valdis/scala-native/nativelib/src/main/scala/scala/scalanative/posix/sys/ioctl.scala[0m
[0m[[0minfo[0m] [0m	/home/valdis/scala-native/nativelib/src/main/scala/scala/scalanative/posix/sys/select.scala[0m
[0m[[0minfo[0m] [0m	/home/valdis/scala-native/nativelib/src/main/scala/scala/scalanative/posix/sys/socket.scala[0m
[0m[[0minfo[0m] [0m	/home/valdis/scala-native/nativelib/src/main/scala/scala/scalanative/posix/sys/stat.scala[0m
[0m[[0minfo[0m] [0m	/home/valdis/scala-native/nativelib/src/main/scala/scala/scalanative/posix/sys/time.scala[0m
[0m[[0minfo[0m] [0m	/home/valdis/scala-native/nativelib/src/main/scala/scala/scalanative/posix/sys/types.scala[0m
[0m[[0minfo[0m] [0m	/home/valdis/scala-native/nativelib/src/main/scala/scala/scalanative/posix/sys/uio.scala[0m
[0m[[0minfo[0m] [0m	/home/valdis/scala-native/nativelib/src/main/scala/scala/scalanative/posix/unistd.scala[0m
[0m[[0minfo[0m] [0m	/home/valdis/scala-native/nativelib/src/main/scala/scala/scalanative/posix/utime.scala[0m
[0m[[0minfo[0m] [0m	/home/valdis/scala-native/nativelib/src/main/scala/scala/scalanative/runtime/Arrays.scala[0m
[0m[[0minfo[0m] [0m	/home/valdis/scala-native/nativelib/src/main/scala/scala/scalanative/runtime/Atomic.scala[0m
[0m[[0minfo[0m] [0m	/home/valdis/scala-native/nativelib/src/main/scala/scala/scalanative/runtime/Boxes.scala[0m
[0m[[0minfo[0m] [0m	/home/valdis/scala-native/nativelib/src/main/scala/scala/scalanative/runtime/CAtomics.scala[0m
[0m[[0minfo[0m] [0m	/home/valdis/scala-native/nativelib/src/main/scala/scala/scalanative/runtime/GC.scala[0m
[0m[[0minfo[0m] [0m	/home/valdis/scala-native/nativelib/src/main/scala/scala/scalanative/runtime/Intrinsics.scala[0m
[0m[[0minfo[0m] [0m	/home/valdis/scala-native/nativelib/src/main/scala/scala/scalanative/runtime/NativeThread.scala[0m
[0m[[0minfo[0m] [0m	/home/valdis/scala-native/nativelib/src/main/scala/scala/scalanative/runtime/Platform.scala[0m
[0m[[0minfo[0m] [0m	/home/valdis/scala-native/nativelib/src/main/scala/scala/scalanative/runtime/package.scala[0m
[0m[[0minfo[0m] [0m	/home/valdis/scala-native/nativelib/src/main/scala/scala/scalanative/runtime/time.scala[0m
[0m[[0minfo[0m] [0m	/home/valdis/scala-native/nativelib/src/main/scala/scala/scalanative/runtime/unwind.scala[0m
[0m[[0minfo[0m] [0m	/home/valdis/scala-native/nativelib/src/main/scala/scala/scalanative/runtime/zlib.scala[0m
[0m[[0minfo[0m] [0mPackaging /home/valdis/scala-native/nativelib/target/scala-2.11/nativelib_native0.4.0-SNAPSHOT_2.11-0.4.0-SNAPSHOT.jar ...[0m
[0m[[0minfo[0m] [0mDone packaging.[0m
[0m[[0minfo[0m] [0m	published nativelib_native0.4.0-SNAPSHOT_2.11 to /home/valdis/.ivy2/local/org.scala-native/nativelib_native0.4.0-SNAPSHOT_2.11/0.4.0-SNAPSHOT/poms/nativelib_native0.4.0-SNAPSHOT_2.11.pom[0m
[0m[[0minfo[0m] [0m	published nativelib_native0.4.0-SNAPSHOT_2.11 to /home/valdis/.ivy2/local/org.scala-native/nativelib_native0.4.0-SNAPSHOT_2.11/0.4.0-SNAPSHOT/jars/nativelib_native0.4.0-SNAPSHOT_2.11.jar[0m
[0m[[0minfo[0m] [0m	published nativelib_native0.4.0-SNAPSHOT_2.11 to /home/valdis/.ivy2/local/org.scala-native/nativelib_native0.4.0-SNAPSHOT_2.11/0.4.0-SNAPSHOT/srcs/nativelib_native0.4.0-SNAPSHOT_2.11-sources.jar[0m
[0m[[0minfo[0m] [0m	published nativelib_native0.4.0-SNAPSHOT_2.11 to /home/valdis/.ivy2/local/org.scala-native/nativelib_native0.4.0-SNAPSHOT_2.11/0.4.0-SNAPSHOT/docs/nativelib_native0.4.0-SNAPSHOT_2.11-javadoc.jar[0m
[0m[[0minfo[0m] [0m	published ivy to /home/valdis/.ivy2/local/org.scala-native/nativelib_native0.4.0-SNAPSHOT_2.11/0.4.0-SNAPSHOT/ivys/ivy.xml[0m
[0m[[32msuccess[0m] [0mTotal time: 29 s, completed Sep 27, 2017 3:42:40 PM[0m
[0m[[33mwarn[0m] [0mCredentials file /home/valdis/.bintray/.credentials does not exist[0m
[0m[[33mwarn[0m] [0mCredentials file /home/valdis/.bintray/.credentials does not exist[0m
[0m[[0minfo[0m] [0mUpdating {file:/home/valdis/scala-native/}javalib...[0m
[0m[[0minfo[0m] [0mResolving org.scala-lang#scala-library;2.11.11 ...[0m
[A[2K[0m[[0minfo[0m] [0mResolving org.scala-native#nativelib_native0.4.0-SNAPSHOT_2.11;0.4.0-SNAPSHOT ...[0m
[A[2K[0m[[0minfo[0m] [0mResolving org.scala-lang#scala-reflect;2.11.11 ...[0m
[0m[[0minfo[0m] [0mPackaging /home/valdis/scala-native/javalib/target/scala-2.11/javalib_native0.4.0-SNAPSHOT_2.11-0.4.0-SNAPSHOT-sources.jar ...[0m
[0m[[0minfo[0m] [0mResolving org.scala-native#nscplugin_2.11.11;0.4.0-SNAPSHOT ...[0m
[A[2K[0m[[0minfo[0m] [0mResolving org.scala-native#nscplugin_2.11.11;0.4.0-SNAPSHOT ...[0m
[A[2K[0m[[0minfo[0m] [0mResolving org.scala-lang#scala-compiler;2.11.11 ...[0m
[A[2K[0m[[0minfo[0m] [0mResolving org.scala-lang.modules#scala-xml_2.11;1.0.5 ...[0m
[A[2K[0m[[0minfo[0m] [0mResolving org.scala-lang.modules#scala-parser-combinators_2.11;1.0.4 ...[0m
[A[2K[0m[[0minfo[0m] [0mResolving jline#jline;2.14.3 ...[0m
[0m[[0minfo[0m] [0mDone updating.[0m
[0m[[0minfo[0m] [0mWrote /home/valdis/scala-native/javalib/target/scala-2.11/javalib_native0.4.0-SNAPSHOT_2.11-0.4.0-SNAPSHOT.pom[0m
[0m[[0minfo[0m] [0m:: delivering :: org.scala-native#javalib_native0.4.0-SNAPSHOT_2.11;0.4.0-SNAPSHOT :: 0.4.0-SNAPSHOT :: integration :: Wed Sep 27 15:42:42 CEST 2017[0m
[0m[[0minfo[0m] [0m	delivering ivy file to /home/valdis/scala-native/javalib/target/scala-2.11/ivy-0.4.0-SNAPSHOT.xml[0m
[0m[[0minfo[0m] [0mPackaging /home/valdis/scala-native/javalib/target/scala-2.11/javalib_native0.4.0-SNAPSHOT_2.11-0.4.0-SNAPSHOT-javadoc.jar ...[0m
[0m[[0minfo[0m] [0mDone packaging.[0m
[0m[[0minfo[0m] [0mCompiling 367 Scala sources to /home/valdis/scala-native/javalib/target/scala-2.11/classes...[0m
[0m[[0minfo[0m] [0mDone packaging.[0m
java.lang.AssertionError: assertion failed: 
  Can't get function pointer to a closure with captures: List(Thread.this) in application scala.scalanative.native.CFunctionPtr.fromFunction1({
  {
    (new <$anon: Function1>(Thread.this): Function1)
  }
})
     while compiling: /home/valdis/scala-native/javalib/src/main/scala/java/lang/Thread.scala
        during phase: nir
     library version: version 2.11.11
    compiler version: version 2.11.11
  reconstructed args: -Xplugin:/home/valdis/.ivy2/local/org.scala-native/nscplugin_2.11.11/0.4.0-SNAPSHOT/jars/nscplugin_2.11.11.jar -encoding utf8 -classpath /home/valdis/scala-native/javalib/target/scala-2.11/classes:/home/valdis/scala-native/nativelib/target/scala-2.11/classes:/home/valdis/.ivy2/cache/org.scala-lang/scala-reflect/jars/scala-reflect-2.11.11.jar -javabootclasspath /home/valdis/scala-native/javalib/target/scala-2.11/classes:/usr/lib/jvm/java-8-openjdk-amd64/jre/lib/resources.jar:/usr/lib/jvm/java-8-openjdk-amd64/jre/lib/rt.jar:/usr/lib/jvm/java-8-openjdk-amd64/jre/lib/sunrsasign.jar:/usr/lib/jvm/java-8-openjdk-amd64/jre/lib/jsse.jar:/usr/lib/jvm/java-8-openjdk-amd64/jre/lib/jce.jar:/usr/lib/jvm/java-8-openjdk-amd64/jre/lib/charsets.jar:/usr/lib/jvm/java-8-openjdk-amd64/jre/lib/jfr.jar:/usr/lib/jvm/java-8-openjdk-amd64/jre/classes -bootclasspath /usr/lib/jvm/java-8-openjdk-amd64/jre/lib/resources.jar:/usr/lib/jvm/java-8-openjdk-amd64/jre/lib/rt.jar:/usr/lib/jvm/java-8-openjdk-amd64/jre/lib/sunrsasign.jar:/usr/lib/jvm/java-8-openjdk-amd64/jre/lib/jsse.jar:/usr/lib/jvm/java-8-openjdk-amd64/jre/lib/jce.jar:/usr/lib/jvm/java-8-openjdk-amd64/jre/lib/charsets.jar:/usr/lib/jvm/java-8-openjdk-amd64/jre/lib/jfr.jar:/usr/lib/jvm/java-8-openjdk-amd64/jre/classes:/home/valdis/.ivy2/cache/org.scala-lang/scala-library/jars/scala-library-2.11.11.jar

  last tree to typer: TypeTree(class Byte)
       tree position: line 43 of /home/valdis/scala-native/javalib/src/main/scala/java/util/Collections.scala
            tree tpe: Byte
              symbol: (final abstract) class Byte in package scala
   symbol definition: final abstract class Byte extends  (a ClassSymbol)
      symbol package: scala
       symbol owners: class Byte
           call site: <$anon: Function2> in package fs in package fs

== Source file context for tree position ==

    40   private lazy val EMPTY_LIST_ITERATOR: ListIterator[_] = new EmptyListIterator
    41 
    42   private lazy val EMPTY_ENUMERATION: Enumeration[_] = {
    43     new Enumeration[Any] {
    44       def hasMoreElements: Boolean = false
    45 
    46       def nextElement(): Any =
	at scala.tools.nsc.Global.assert(Global.scala:288)
	at scala.scalanative.nscplugin.NirGenExpr$ExprBuffer.genFunPtrOp(NirGenExpr.scala:1216)
	at scala.scalanative.nscplugin.NirGenExpr$ExprBuffer.genApplyPrimitive(NirGenExpr.scala:730)
	at scala.scalanative.nscplugin.NirGenExpr$ExprBuffer.genApply(NirGenExpr.scala:672)
	at scala.scalanative.nscplugin.NirGenExpr$ExprBuffer.genExpr(NirGenExpr.scala:93)
	at scala.scalanative.nscplugin.NirGenExpr$ExprBuffer.genValDef(NirGenExpr.scala:165)
	at scala.scalanative.nscplugin.NirGenExpr$ExprBuffer.genExpr(NirGenExpr.scala:63)
	at scala.scalanative.nscplugin.NirGenExpr$ExprBuffer$$anonfun$genBlock$1.apply(NirGenExpr.scala:121)
	at scala.scalanative.nscplugin.NirGenExpr$ExprBuffer$$anonfun$genBlock$1.apply(NirGenExpr.scala:121)
	at scala.collection.immutable.List.foreach(List.scala:392)
	at scala.scalanative.nscplugin.NirGenExpr$ExprBuffer.genBlock(NirGenExpr.scala:121)
	at scala.scalanative.nscplugin.NirGenExpr$ExprBuffer.genExpr(NirGenExpr.scala:59)
	at scala.scalanative.nscplugin.NirGenExpr$ExprBuffer.genSynchronized(NirGenExpr.scala:1356)
	at scala.scalanative.nscplugin.NirGenExpr$ExprBuffer.genApplyPrimitive(NirGenExpr.scala:734)
	at scala.scalanative.nscplugin.NirGenExpr$ExprBuffer.genApply(NirGenExpr.scala:672)
	at scala.scalanative.nscplugin.NirGenExpr$ExprBuffer.genExpr(NirGenExpr.scala:93)
	at scala.scalanative.nscplugin.NirGenExpr$ExprBuffer$$anonfun$genBlock$1.apply(NirGenExpr.scala:121)
	at scala.scalanative.nscplugin.NirGenExpr$ExprBuffer$$anonfun$genBlock$1.apply(NirGenExpr.scala:121)
	at scala.collection.immutable.List.foreach(List.scala:392)
	at scala.scalanative.nscplugin.NirGenExpr$ExprBuffer.genBlock(NirGenExpr.scala:121)
	at scala.scalanative.nscplugin.NirGenExpr$ExprBuffer.genExpr(NirGenExpr.scala:59)
	at scala.scalanative.nscplugin.NirGenStat$StatBuffer$$anonfun$genBody$1$2.apply(NirGenStat.scala:384)
	at scala.scalanative.nscplugin.NirGenStat$StatBuffer$$anonfun$genBody$1$2.apply(NirGenStat.scala:384)
	at scala.scalanative.util.ScopedVar$.scoped(ScopedVar.scala:41)
	at scala.scalanative.nscplugin.NirGenStat$StatBuffer.genBody$1(NirGenStat.scala:383)
	at scala.scalanative.nscplugin.NirGenStat$StatBuffer.genNormalMethodBody(NirGenStat.scala:389)
	at scala.scalanative.nscplugin.NirGenStat$StatBuffer$$anonfun$genMethod$1.apply(NirGenStat.scala:209)
	at scala.scalanative.util.ScopedVar$.scoped(ScopedVar.scala:41)
	at scala.scalanative.nscplugin.NirGenStat$StatBuffer.genMethod(NirGenStat.scala:185)
	at scala.scalanative.nscplugin.NirGenStat$StatBuffer$$anonfun$genMethods$1.apply(NirGenStat.scala:170)
	at scala.scalanative.nscplugin.NirGenStat$StatBuffer$$anonfun$genMethods$1.apply(NirGenStat.scala:168)
	at scala.collection.immutable.List.foreach(List.scala:392)
	at scala.scalanative.nscplugin.NirGenStat$StatBuffer.genMethods(NirGenStat.scala:168)
	at scala.scalanative.nscplugin.NirGenStat$StatBuffer.genNormalClass(NirGenStat.scala:96)
	at scala.scalanative.nscplugin.NirGenStat$StatBuffer$$anonfun$genClass$1.apply$mcV$sp(NirGenStat.scala:71)
	at scala.scalanative.nscplugin.NirGenStat$StatBuffer$$anonfun$genClass$1.apply(NirGenStat.scala:70)
	at scala.scalanative.nscplugin.NirGenStat$StatBuffer$$anonfun$genClass$1.apply(NirGenStat.scala:70)
	at scala.scalanative.util.ScopedVar$.scoped(ScopedVar.scala:41)
	at scala.scalanative.nscplugin.NirGenStat$StatBuffer.genClass(NirGenStat.scala:69)
	at scala.scalanative.nscplugin.NirGenPhase$NirCodePhase$$anonfun$scala$scalanative$nscplugin$NirGenPhase$NirCodePhase$$genClass$1$1.apply(NirGenPhase.scala:96)
	at scala.scalanative.nscplugin.NirGenPhase$NirCodePhase$$anonfun$scala$scalanative$nscplugin$NirGenPhase$NirCodePhase$$genClass$1$1.apply(NirGenPhase.scala:95)
	at scala.scalanative.util.ScopedVar$.scoped(ScopedVar.scala:41)
	at scala.scalanative.nscplugin.NirGenPhase$NirCodePhase.scala$scalanative$nscplugin$NirGenPhase$NirCodePhase$$genClass$1(NirGenPhase.scala:95)
	at scala.scalanative.nscplugin.NirGenPhase$NirCodePhase$$anonfun$apply$1$$anonfun$apply$mcV$sp$1.apply(NirGenPhase.scala:105)
	at scala.scalanative.nscplugin.NirGenPhase$NirCodePhase$$anonfun$apply$1$$anonfun$apply$mcV$sp$1.apply(NirGenPhase.scala:105)
	at scala.collection.mutable.UnrolledBuffer$Unrolled.foreach(UnrolledBuffer.scala:239)
	at scala.collection.mutable.UnrolledBuffer.foreach(UnrolledBuffer.scala:145)
	at scala.scalanative.nscplugin.NirGenPhase$NirCodePhase$$anonfun$apply$1.apply$mcV$sp(NirGenPhase.scala:105)
	at scala.scalanative.nscplugin.NirGenPhase$NirCodePhase$$anonfun$apply$1.apply(NirGenPhase.scala:103)
	at scala.scalanative.nscplugin.NirGenPhase$NirCodePhase$$anonfun$apply$1.apply(NirGenPhase.scala:103)
	at scala.scalanative.util.ScopedVar$.scoped(ScopedVar.scala:41)
	at scala.scalanative.nscplugin.NirGenPhase$NirCodePhase.apply(NirGenPhase.scala:103)
	at scala.tools.nsc.Global$GlobalPhase$$anonfun$applyPhase$1.apply$mcV$sp(Global.scala:467)
	at scala.tools.nsc.Global$GlobalPhase.withCurrentUnit(Global.scala:458)
	at scala.tools.nsc.Global$GlobalPhase.applyPhase(Global.scala:467)
	at scala.tools.nsc.Global$GlobalPhase$$anonfun$run$1.apply(Global.scala:425)
	at scala.tools.nsc.Global$GlobalPhase$$anonfun$run$1.apply(Global.scala:425)
	at scala.collection.Iterator$class.foreach(Iterator.scala:891)
	at scala.collection.AbstractIterator.foreach(Iterator.scala:1334)
	at scala.tools.nsc.Global$GlobalPhase.run(Global.scala:425)
	at scala.scalanative.nscplugin.NirGenPhase$NirCodePhase.run(NirGenPhase.scala:65)
	at scala.tools.nsc.Global$Run.compileUnitsInternal(Global.scala:1528)
	at scala.tools.nsc.Global$Run.compileUnits(Global.scala:1513)
	at scala.tools.nsc.Global$Run.compileSources(Global.scala:1508)
	at scala.tools.nsc.Global$Run.compile(Global.scala:1609)
	at xsbt.CachedCompiler0.run(CompilerInterface.scala:116)
	at xsbt.CachedCompiler0.run(CompilerInterface.scala:95)
	at xsbt.CompilerInterface.run(CompilerInterface.scala:26)
	at sun.reflect.NativeMethodAccessorImpl.invoke0(Native Method)
	at sun.reflect.NativeMethodAccessorImpl.invoke(NativeMethodAccessorImpl.java:62)
	at sun.reflect.DelegatingMethodAccessorImpl.invoke(DelegatingMethodAccessorImpl.java:43)
	at java.lang.reflect.Method.invoke(Method.java:498)
	at sbt.compiler.AnalyzingCompiler.call(AnalyzingCompiler.scala:107)
	at sbt.compiler.AnalyzingCompiler.compile(AnalyzingCompiler.scala:53)
	at sbt.compiler.AnalyzingCompiler.compile(AnalyzingCompiler.scala:47)
	at sbt.compiler.MixedAnalyzingCompiler$$anonfun$compileScala$1$1.apply$mcV$sp(MixedAnalyzingCompiler.scala:50)
	at sbt.compiler.MixedAnalyzingCompiler$$anonfun$compileScala$1$1.apply(MixedAnalyzingCompiler.scala:50)
	at sbt.compiler.MixedAnalyzingCompiler$$anonfun$compileScala$1$1.apply(MixedAnalyzingCompiler.scala:50)
	at sbt.compiler.MixedAnalyzingCompiler.timed(MixedAnalyzingCompiler.scala:74)
	at sbt.compiler.MixedAnalyzingCompiler.compileScala$1(MixedAnalyzingCompiler.scala:49)
	at sbt.compiler.MixedAnalyzingCompiler.compile(MixedAnalyzingCompiler.scala:64)
	at sbt.compiler.IC$$anonfun$compileInternal$1.apply(IncrementalCompiler.scala:160)
	at sbt.compiler.IC$$anonfun$compileInternal$1.apply(IncrementalCompiler.scala:160)
	at sbt.inc.IncrementalCompile$$anonfun$doCompile$1.apply(Compile.scala:66)
	at sbt.inc.IncrementalCompile$$anonfun$doCompile$1.apply(Compile.scala:64)
	at sbt.inc.IncrementalCommon.cycle(IncrementalCommon.scala:32)
	at sbt.inc.Incremental$$anonfun$1.apply(Incremental.scala:72)
	at sbt.inc.Incremental$$anonfun$1.apply(Incremental.scala:71)
	at sbt.inc.Incremental$.manageClassfiles(Incremental.scala:99)
	at sbt.inc.Incremental$.compile(Incremental.scala:71)
	at sbt.inc.IncrementalCompile$.apply(Compile.scala:54)
	at sbt.compiler.IC$.compileInternal(IncrementalCompiler.scala:160)
	at sbt.compiler.IC$.incrementalCompile(IncrementalCompiler.scala:138)
	at sbt.Compiler$.compile(Compiler.scala:155)
	at sbt.Compiler$.compile(Compiler.scala:141)
	at sbt.Defaults$.sbt$Defaults$$compileIncrementalTaskImpl(Defaults.scala:913)
	at sbt.Defaults$$anonfun$compileIncrementalTask$1.apply(Defaults.scala:904)
	at sbt.Defaults$$anonfun$compileIncrementalTask$1.apply(Defaults.scala:902)
	at scala.Function1$$anonfun$compose$1.apply(Function1.scala:47)
	at sbt.$tilde$greater$$anonfun$$u2219$1.apply(TypeFunctions.scala:40)
	at sbt.std.Transform$$anon$4.work(System.scala:63)
	at sbt.Execute$$anonfun$submit$1$$anonfun$apply$1.apply(Execute.scala:228)
	at sbt.Execute$$anonfun$submit$1$$anonfun$apply$1.apply(Execute.scala:228)
	at sbt.ErrorHandling$.wideConvert(ErrorHandling.scala:17)
	at sbt.Execute.work(Execute.scala:237)
	at sbt.Execute$$anonfun$submit$1.apply(Execute.scala:228)
	at sbt.Execute$$anonfun$submit$1.apply(Execute.scala:228)
	at sbt.ConcurrentRestrictions$$anon$4$$anonfun$1.apply(ConcurrentRestrictions.scala:159)
	at sbt.CompletionService$$anon$2.call(CompletionService.scala:28)
	at java.util.concurrent.FutureTask.run(FutureTask.java:266)
	at java.util.concurrent.Executors$RunnableAdapter.call(Executors.java:511)
	at java.util.concurrent.FutureTask.run(FutureTask.java:266)
	at java.util.concurrent.ThreadPoolExecutor.runWorker(ThreadPoolExecutor.java:1149)
	at java.util.concurrent.ThreadPoolExecutor$Worker.run(ThreadPoolExecutor.java:624)
	at java.lang.Thread.run(Thread.java:748)
[0m[[31merror[0m] [0m(javalib/compile:[31mcompileIncremental[0m) java.lang.AssertionError: assertion failed: [0m
[0m[[31merror[0m] [0m  Can't get function pointer to a closure with captures: List(Thread.this) in application scala.scalanative.native.CFunctionPtr.fromFunction1({[0m
[0m[[31merror[0m] [0m  {[0m
[0m[[31merror[0m] [0m    (new <$anon: Function1>(Thread.this): Function1)[0m
[0m[[31merror[0m] [0m  }[0m
[0m[[31merror[0m] [0m})[0m
[0m[[31merror[0m] [0m     while compiling: /home/valdis/scala-native/javalib/src/main/scala/java/lang/Thread.scala[0m
[0m[[31merror[0m] [0m        during phase: nir[0m
[0m[[31merror[0m] [0m     library version: version 2.11.11[0m
[0m[[31merror[0m] [0m    compiler version: version 2.11.11[0m
[0m[[31merror[0m] [0m  reconstructed args: -Xplugin:/home/valdis/.ivy2/local/org.scala-native/nscplugin_2.11.11/0.4.0-SNAPSHOT/jars/nscplugin_2.11.11.jar -encoding utf8 -classpath /home/valdis/scala-native/javalib/target/scala-2.11/classes:/home/valdis/scala-native/nativelib/target/scala-2.11/classes:/home/valdis/.ivy2/cache/org.scala-lang/scala-reflect/jars/scala-reflect-2.11.11.jar -javabootclasspath /home/valdis/scala-native/javalib/target/scala-2.11/classes:/usr/lib/jvm/java-8-openjdk-amd64/jre/lib/resources.jar:/usr/lib/jvm/java-8-openjdk-amd64/jre/lib/rt.jar:/usr/lib/jvm/java-8-openjdk-amd64/jre/lib/sunrsasign.jar:/usr/lib/jvm/java-8-openjdk-amd64/jre/lib/jsse.jar:/usr/lib/jvm/java-8-openjdk-amd64/jre/lib/jce.jar:/usr/lib/jvm/java-8-openjdk-amd64/jre/lib/charsets.jar:/usr/lib/jvm/java-8-openjdk-amd64/jre/lib/jfr.jar:/usr/lib/jvm/java-8-openjdk-amd64/jre/classes -bootclasspath /usr/lib/jvm/java-8-openjdk-amd64/jre/lib/resources.jar:/usr/lib/jvm/java-8-openjdk-amd64/jre/lib/rt.jar:/usr/lib/jvm/java-8-openjdk-amd64/jre/lib/sunrsasign.jar:/usr/lib/jvm/java-8-openjdk-amd64/jre/lib/jsse.jar:/usr/lib/jvm/java-8-openjdk-amd64/jre/lib/jce.jar:/usr/lib/jvm/java-8-openjdk-amd64/jre/lib/charsets.jar:/usr/lib/jvm/java-8-openjdk-amd64/jre/lib/jfr.jar:/usr/lib/jvm/java-8-openjdk-amd64/jre/classes:/home/valdis/.ivy2/cache/org.scala-lang/scala-library/jars/scala-library-2.11.11.jar[0m
[0m[[31merror[0m] [0m[0m
[0m[[31merror[0m] [0m  last tree to typer: TypeTree(class Byte)[0m
[0m[[31merror[0m] [0m       tree position: line 43 of /home/valdis/scala-native/javalib/src/main/scala/java/util/Collections.scala[0m
[0m[[31merror[0m] [0m            tree tpe: Byte[0m
[0m[[31merror[0m] [0m              symbol: (final abstract) class Byte in package scala[0m
[0m[[31merror[0m] [0m   symbol definition: final abstract class Byte extends  (a ClassSymbol)[0m
[0m[[31merror[0m] [0m      symbol package: scala[0m
[0m[[31merror[0m] [0m       symbol owners: class Byte[0m
[0m[[31merror[0m] [0m           call site: <$anon: Function2> in package fs in package fs[0m
[0m[[31merror[0m] [0m[0m
[0m[[31merror[0m] [0m== Source file context for tree position ==[0m
[0m[[31merror[0m] [0m[0m
[0m[[31merror[0m] [0m    40   private lazy val EMPTY_LIST_ITERATOR: ListIterator[_] = new EmptyListIterator[0m
[0m[[31merror[0m] [0m    41 [0m
[0m[[31merror[0m] [0m    42   private lazy val EMPTY_ENUMERATION: Enumeration[_] = {[0m
[0m[[31merror[0m] [0m    43     new Enumeration[Any] {[0m
[0m[[31merror[0m] [0m    44       def hasMoreElements: Boolean = false[0m
[0m[[31merror[0m] [0m    45 [0m
[0m[[31merror[0m] [0m    46       def nextElement(): Any =[0m
[0m[[31merror[0m] [0mTotal time: 33 s, completed Sep 27, 2017 3:43:13 PM[0m
