[0m[[0minfo[0m] [0mLoading global plugins from /home/valdis/.sbt/0.13/plugins[0m
[0m[[0minfo[0m] [0mLoading project definition from /home/valdis/scala-native/project[0m
Using default gc
[0m[[0minfo[0m] [0mResolving key references (11595 settings) ...[0m
Missing bintray credentials /home/valdis/.bintray/.credentials. Some bintray features depend on this.
Missing bintray credentials /home/valdis/.bintray/.credentials. Some bintray features depend on this.
Missing bintray credentials /home/valdis/.bintray/.credentials. Some bintray features depend on this.
Missing bintray credentials /home/valdis/.bintray/.credentials. Some bintray features depend on this.
Missing bintray credentials /home/valdis/.bintray/.credentials. Some bintray features depend on this.
Missing bintray credentials /home/valdis/.bintray/.credentials. Some bintray features depend on this.
Missing bintray credentials /home/valdis/.bintray/.credentials. Some bintray features depend on this.
Missing bintray credentials /home/valdis/.bintray/.credentials. Some bintray features depend on this.
Missing bintray credentials /home/valdis/.bintray/.credentials. Some bintray features depend on this.
Missing bintray credentials /home/valdis/.bintray/.credentials. Some bintray features depend on this.
Missing bintray credentials /home/valdis/.bintray/.credentials. Some bintray features depend on this.
Missing bintray credentials /home/valdis/.bintray/.credentials. Some bintray features depend on this.
Missing bintray credentials /home/valdis/.bintray/.credentials. Some bintray features depend on this.
Missing bintray credentials /home/valdis/.bintray/.credentials. Some bintray features depend on this.
Missing bintray credentials /home/valdis/.bintray/.credentials. Some bintray features depend on this.
Missing bintray credentials /home/valdis/.bintray/.credentials. Some bintray features depend on this.
Missing bintray credentials /home/valdis/.bintray/.credentials. Some bintray features depend on this.
Missing bintray credentials /home/valdis/.bintray/.credentials. Some bintray features depend on this.
Missing bintray credentials /home/valdis/.bintray/.credentials. Some bintray features depend on this.
[0m[[0minfo[0m] [0mSet current project to scala-native (in build file:/home/valdis/scala-native/)[0m
[0m[[33mwarn[0m] [0mCredentials file /home/valdis/.bintray/.credentials does not exist[0m
[0m[[33mwarn[0m] [0mCredentials file /home/valdis/.bintray/.credentials does not exist[0m
[0m[[33mwarn[0m] [0mCredentials file /home/valdis/.bintray/.credentials does not exist[0m
[0m[[33mwarn[0m] [0mCredentials file /home/valdis/.bintray/.credentials does not exist[0m
[0m[[33mwarn[0m] [0mCredentials file /home/valdis/.bintray/.credentials does not exist[0m
[0m[[33mwarn[0m] [0mCredentials file /home/valdis/.bintray/.credentials does not exist[0m
[0m[[33mwarn[0m] [0mCredentials file /home/valdis/.bintray/.credentials does not exist[0m
[0m[[33mwarn[0m] [0mCredentials file /home/valdis/.bintray/.credentials does not exist[0m
[0m[[33mwarn[0m] [0mCredentials file /home/valdis/.bintray/.credentials does not exist[0m
[0m[[33mwarn[0m] [0mCredentials file /home/valdis/.bintray/.credentials does not exist[0m
[0m[[33mwarn[0m] [0mCredentials file /home/valdis/.bintray/.credentials does not exist[0m
[0m[[33mwarn[0m] [0mCredentials file /home/valdis/.bintray/.credentials does not exist[0m
[0m[[33mwarn[0m] [0mCredentials file /home/valdis/.bintray/.credentials does not exist[0m
[0m[[33mwarn[0m] [0mCredentials file /home/valdis/.bintray/.credentials does not exist[0m
[0m[[33mwarn[0m] [0mCredentials file /home/valdis/.bintray/.credentials does not exist[0m
[0m[[33mwarn[0m] [0mCredentials file /home/valdis/.bintray/.credentials does not exist[0m
[0m[[33mwarn[0m] [0mCredentials file /home/valdis/.bintray/.credentials does not exist[0m
[0m[[33mwarn[0m] [0mCredentials file /home/valdis/.bintray/.credentials does not exist[0m
[0m[[33mwarn[0m] [0mCredentials file /home/valdis/.bintray/.credentials does not exist[0m
[0m[[32msuccess[0m] [0mTotal time: 0 s, completed Sep 16, 2017 5:39:02 PM[0m
[0m[[32msuccess[0m] [0mTotal time: 1 s, completed Sep 16, 2017 5:39:03 PM[0m
[0m[[32msuccess[0m] [0mTotal time: 0 s, completed Sep 16, 2017 5:39:03 PM[0m
[0m[[33mwarn[0m] [0mCredentials file /home/valdis/.bintray/.credentials does not exist[0m
[0m[[0minfo[0m] [0mUpdating {file:/home/valdis/scala-native/}nscplugin...[0m
[0m[[0minfo[0m] [0mPackaging /home/valdis/scala-native/nscplugin/target/scala-2.11/nscplugin_2.11.11-0.4.0-SNAPSHOT-sources.jar ...[0m
[0m[[0minfo[0m] [0mDone packaging.[0m
[0m[[0minfo[0m] [0mWrote /home/valdis/scala-native/nscplugin/target/scala-2.11/nscplugin_2.11.11-0.4.0-SNAPSHOT.pom[0m
[0m[[0minfo[0m] [0mResolving org.scala-lang#scala-compiler;2.11.11 ...[0m
[A[2K[0m[[0minfo[0m] [0mResolving org.scala-lang#scala-library;2.11.11 ...[0m
[A[2K[0m[[0minfo[0m] [0mResolving org.scala-lang#scala-reflect;2.11.11 ...[0m
[A[2K[0m[[0minfo[0m] [0mResolving org.scala-lang.modules#scala-xml_2.11;1.0.5 ...[0m
[A[2K[0m[[0minfo[0m] [0mResolving org.scala-lang.modules#scala-parser-combinators_2.11;1.0.4 ...[0m
[A[2K[0m[[0minfo[0m] [0mResolving jline#jline;2.14.3 ...[0m
[0m[[0minfo[0m] [0mDone updating.[0m
[0m[[0minfo[0m] [0m:: delivering :: org.scala-native#nscplugin_2.11.11;0.4.0-SNAPSHOT :: 0.4.0-SNAPSHOT :: integration :: Sat Sep 16 17:39:04 CEST 2017[0m
[0m[[0minfo[0m] [0m	delivering ivy file to /home/valdis/scala-native/nscplugin/target/scala-2.11/ivy-0.4.0-SNAPSHOT.xml[0m
[0m[[0minfo[0m] [0mMain Scala API documentation to /home/valdis/scala-native/nscplugin/target/scala-2.11/api...[0m
[0m[[0minfo[0m] [0mCompiling 43 Scala sources to /home/valdis/scala-native/nscplugin/target/scala-2.11/classes...[0m
model contains 257 documentable templates
[0m[[33mwarn[0m] [0m/home/valdis/scala-native/nscplugin/src/main/scala/scala/scalanative/nscplugin/NirGenExpr.scala:1355: match may not be exhaustive.[0m
[0m[[33mwarn[0m] [0mIt would fail on the following inputs: (Module(_), Array(_, _)), (Module(_), Function(_, _)), (Module(_), Int), (Module(_), None), (Module(_), Nothing), (Module(_), Struct(_, _)), (Module(_), Vararg), (Module(_), Void), (None, Class(_))[0m
[0m[[33mwarn[0m] [0m        val conv = (fromty, toty) match {[0m
[0m[[33mwarn[0m] [0m                   ^[0m
[0m[[33mwarn[0m] [0m/home/valdis/scala-native/nscplugin/src/main/scala/scala/scalanative/nscplugin/NirGenName.scala:92: match may not be exhaustive.[0m
[0m[[33mwarn[0m] [0mIt would fail on the following inputs: Byte, Int, Long, Short, UByte, UInt, ULong, UShort[0m
[0m[[33mwarn[0m] [0m    def printType(ty: nir.Type): Unit = ty match {[0m
[0m[[33mwarn[0m] [0m                                        ^[0m
[0m[[0minfo[0m] [0mMain Scala API documentation successful.[0m
[0m[[0minfo[0m] [0mPackaging /home/valdis/scala-native/nscplugin/target/scala-2.11/nscplugin_2.11.11-0.4.0-SNAPSHOT-javadoc.jar ...[0m
[0m[[0minfo[0m] [0mDone packaging.[0m
[0m[[33mwarn[0m] [0mthere were two unchecked warnings; re-run with -unchecked for details[0m
[0m[[33mwarn[0m] [0mthree warnings found[0m
[0m[[0minfo[0m] [0mPackaging /home/valdis/scala-native/nscplugin/target/scala-2.11/nscplugin_2.11.11-0.4.0-SNAPSHOT.jar ...[0m
[0m[[0minfo[0m] [0mDone packaging.[0m
[0m[[0minfo[0m] [0m	published nscplugin_2.11.11 to /home/valdis/.ivy2/local/org.scala-native/nscplugin_2.11.11/0.4.0-SNAPSHOT/poms/nscplugin_2.11.11.pom[0m
[0m[[0minfo[0m] [0m	published nscplugin_2.11.11 to /home/valdis/.ivy2/local/org.scala-native/nscplugin_2.11.11/0.4.0-SNAPSHOT/jars/nscplugin_2.11.11.jar[0m
[0m[[0minfo[0m] [0m	published nscplugin_2.11.11 to /home/valdis/.ivy2/local/org.scala-native/nscplugin_2.11.11/0.4.0-SNAPSHOT/srcs/nscplugin_2.11.11-sources.jar[0m
[0m[[0minfo[0m] [0m	published nscplugin_2.11.11 to /home/valdis/.ivy2/local/org.scala-native/nscplugin_2.11.11/0.4.0-SNAPSHOT/docs/nscplugin_2.11.11-javadoc.jar[0m
[0m[[0minfo[0m] [0m	published ivy to /home/valdis/.ivy2/local/org.scala-native/nscplugin_2.11.11/0.4.0-SNAPSHOT/ivys/ivy.xml[0m
[0m[[32msuccess[0m] [0mTotal time: 44 s, completed Sep 16, 2017 5:39:47 PM[0m
[0m[[33mwarn[0m] [0mCredentials file /home/valdis/.bintray/.credentials does not exist[0m
[0m[[0minfo[0m] [0mUpdating {file:/home/valdis/scala-native/}nativelib...[0m
[0m[[0minfo[0m] [0mPackaging /home/valdis/scala-native/nativelib/target/scala-2.11/nativelib_native0.4.0-SNAPSHOT_2.11-0.4.0-SNAPSHOT-sources.jar ...[0m
[0m[[0minfo[0m] [0mWrote /home/valdis/scala-native/nativelib/target/scala-2.11/nativelib_native0.4.0-SNAPSHOT_2.11-0.4.0-SNAPSHOT.pom[0m
[0m[[0minfo[0m] [0mResolving org.scala-lang#scala-library;2.11.11 ...[0m
[A[2K[0m[[0minfo[0m] [0mResolving org.scala-lang#scala-reflect;2.11.11 ...[0m
[0m[[0minfo[0m] [0mDone packaging.[0m
[0m[[0minfo[0m] [0mResolving org.scala-native#nscplugin_2.11.11;0.4.0-SNAPSHOT ...[0m
[A[2K[0m[[0minfo[0m] [0mResolving org.scala-native#nscplugin_2.11.11;0.4.0-SNAPSHOT ...[0m
[A[2K[0m[[0minfo[0m] [0mResolving org.scala-lang#scala-compiler;2.11.11 ...[0m
[A[2K[0m[[0minfo[0m] [0mResolving org.scala-lang.modules#scala-xml_2.11;1.0.5 ...[0m
[A[2K[0m[[0minfo[0m] [0mResolving org.scala-lang.modules#scala-parser-combinators_2.11;1.0.4 ...[0m
[A[2K[0m[[0minfo[0m] [0mResolving jline#jline;2.14.3 ...[0m
[0m[[0minfo[0m] [0mDone updating.[0m
[0m[[0minfo[0m] [0m:: delivering :: org.scala-native#nativelib_native0.4.0-SNAPSHOT_2.11;0.4.0-SNAPSHOT :: 0.4.0-SNAPSHOT :: integration :: Sat Sep 16 17:39:49 CEST 2017[0m
[0m[[0minfo[0m] [0m	delivering ivy file to /home/valdis/scala-native/nativelib/target/scala-2.11/ivy-0.4.0-SNAPSHOT.xml[0m
[0m[[0minfo[0m] [0mCompiling 86 Scala sources to /home/valdis/scala-native/nativelib/target/scala-2.11/classes...[0m
[0m[[0minfo[0m] [0mMain Scala API documentation to /home/valdis/scala-native/nativelib/target/scala-2.11/api...[0m
[0m[[33mwarn[0m] [0mdropping dependency on node with no phase object: mixin[0m
[0m[[33mwarn[0m] [0m/home/valdis/scala-native/nativelib/src/main/scala/scala/concurrent/forkjoin/ForkJoinPool.scala:71: a pure expression does nothing in statement position; you may be omitting necessary parentheses[0m
[0m[[33mwarn[0m] [0m    42 //any expression[0m
[0m[[33mwarn[0m] [0m    ^[0m
[0m[[33mwarn[0m] [0m/home/valdis/scala-native/nativelib/src/main/scala/scala/concurrent/forkjoin/ForkJoinPool.scala:71: a pure expression does nothing in statement position; you may be omitting necessary parentheses[0m
[0m[[33mwarn[0m] [0m    42 //any expression[0m
[0m[[33mwarn[0m] [0m    ^[0m
[0m[[33mwarn[0m] [0mthere were 44 feature warnings; re-run with -feature for details[0m
model contains 352 documentable templates
[0m[[33mwarn[0m] [0mtwo warnings found[0m
[0m[[0minfo[0m] [0mMain Scala API documentation successful.[0m
[0m[[0minfo[0m] [0mPackaging /home/valdis/scala-native/nativelib/target/scala-2.11/nativelib_native0.4.0-SNAPSHOT_2.11-0.4.0-SNAPSHOT-javadoc.jar ...[0m
[0m[[0minfo[0m] [0mDone packaging.[0m
java.util.NoSuchElementException: key not found: method while$1
	at scala.collection.MapLike$class.default(MapLike.scala:228)
	at scala.collection.AbstractMap.default(Map.scala:59)
	at scala.collection.mutable.HashMap.apply(HashMap.scala:65)
	at scala.scalanative.nscplugin.NirGenStat$MethodEnv.resolve(NirGenStat.scala:31)
	at scala.scalanative.nscplugin.NirGenExpr$ExprBuffer.genApplyLabel(NirGenExpr.scala:687)
	at scala.scalanative.nscplugin.NirGenExpr$ExprBuffer.genApply(NirGenExpr.scala:670)
	at scala.scalanative.nscplugin.NirGenExpr$ExprBuffer.genExpr(NirGenExpr.scala:93)
	at scala.scalanative.nscplugin.NirGenExpr$ExprBuffer.genSynchronized(NirGenExpr.scala:1335)
	at scala.scalanative.nscplugin.NirGenExpr$ExprBuffer.genApplyPrimitive(NirGenExpr.scala:734)
	at scala.scalanative.nscplugin.NirGenExpr$ExprBuffer.genApply(NirGenExpr.scala:672)
	at scala.scalanative.nscplugin.NirGenExpr$ExprBuffer.genExpr(NirGenExpr.scala:93)
	at scala.scalanative.nscplugin.NirGenExpr$ExprBuffer$$anonfun$genBlock$1.apply(NirGenExpr.scala:121)
	at scala.scalanative.nscplugin.NirGenExpr$ExprBuffer$$anonfun$genBlock$1.apply(NirGenExpr.scala:121)
	at scala.collection.immutable.List.foreach(List.scala:392)
	at scala.scalanative.nscplugin.NirGenExpr$ExprBuffer.genBlock(NirGenExpr.scala:121)
	at scala.scalanative.nscplugin.NirGenExpr$ExprBuffer.genExpr(NirGenExpr.scala:59)
	at scala.scalanative.nscplugin.NirGenStat$StatBuffer$$anonfun$genBody$1$1.apply(NirGenStat.scala:374)
	at scala.scalanative.nscplugin.NirGenStat$StatBuffer$$anonfun$genBody$1$1.apply(NirGenStat.scala:374)
	at scala.scalanative.util.ScopedVar$.scoped(ScopedVar.scala:41)
	at scala.scalanative.nscplugin.NirGenStat$StatBuffer.genBody$1(NirGenStat.scala:373)
	at scala.scalanative.nscplugin.NirGenStat$StatBuffer.genNormalMethodBody(NirGenStat.scala:379)
	at scala.scalanative.nscplugin.NirGenStat$StatBuffer$$anonfun$genMethod$1.apply(NirGenStat.scala:207)
	at scala.scalanative.util.ScopedVar$.scoped(ScopedVar.scala:41)
	at scala.scalanative.nscplugin.NirGenStat$StatBuffer.genMethod(NirGenStat.scala:183)
	at scala.scalanative.nscplugin.NirGenStat$StatBuffer$$anonfun$genMethods$1.apply(NirGenStat.scala:168)
	at scala.scalanative.nscplugin.NirGenStat$StatBuffer$$anonfun$genMethods$1.apply(NirGenStat.scala:166)
	at scala.collection.immutable.List.foreach(List.scala:392)
	at scala.scalanative.nscplugin.NirGenStat$StatBuffer.genMethods(NirGenStat.scala:166)
	at scala.scalanative.nscplugin.NirGenStat$StatBuffer.genNormalClass(NirGenStat.scala:96)
	at scala.scalanative.nscplugin.NirGenStat$StatBuffer$$anonfun$genClass$1.apply$mcV$sp(NirGenStat.scala:71)
	at scala.scalanative.nscplugin.NirGenStat$StatBuffer$$anonfun$genClass$1.apply(NirGenStat.scala:70)
	at scala.scalanative.nscplugin.NirGenStat$StatBuffer$$anonfun$genClass$1.apply(NirGenStat.scala:70)
	at scala.scalanative.util.ScopedVar$.scoped(ScopedVar.scala:41)
	at scala.scalanative.nscplugin.NirGenStat$StatBuffer.genClass(NirGenStat.scala:69)
	at scala.scalanative.nscplugin.NirGenPhase$NirCodePhase$$anonfun$scala$scalanative$nscplugin$NirGenPhase$NirCodePhase$$genClass$1$1.apply(NirGenPhase.scala:96)
	at scala.scalanative.nscplugin.NirGenPhase$NirCodePhase$$anonfun$scala$scalanative$nscplugin$NirGenPhase$NirCodePhase$$genClass$1$1.apply(NirGenPhase.scala:95)
	at scala.scalanative.util.ScopedVar$.scoped(ScopedVar.scala:41)
	at scala.scalanative.nscplugin.NirGenPhase$NirCodePhase.scala$scalanative$nscplugin$NirGenPhase$NirCodePhase$$genClass$1(NirGenPhase.scala:95)
	at scala.scalanative.nscplugin.NirGenPhase$NirCodePhase$$anonfun$apply$1$$anonfun$apply$mcV$sp$1.apply(NirGenPhase.scala:105)
	at scala.scalanative.nscplugin.NirGenPhase$NirCodePhase$$anonfun$apply$1$$anonfun$apply$mcV$sp$1.apply(NirGenPhase.scala:105)
	at scala.collection.mutable.UnrolledBuffer$Unrolled.foreach(UnrolledBuffer.scala:239)
	at scala.collection.mutable.UnrolledBuffer.foreach(UnrolledBuffer.scala:145)
	at scala.scalanative.nscplugin.NirGenPhase$NirCodePhase$$anonfun$apply$1.apply$mcV$sp(NirGenPhase.scala:105)
	at scala.scalanative.nscplugin.NirGenPhase$NirCodePhase$$anonfun$apply$1.apply(NirGenPhase.scala:103)
	at scala.scalanative.nscplugin.NirGenPhase$NirCodePhase$$anonfun$apply$1.apply(NirGenPhase.scala:103)
	at scala.scalanative.util.ScopedVar$.scoped(ScopedVar.scala:41)
	at scala.scalanative.nscplugin.NirGenPhase$NirCodePhase.apply(NirGenPhase.scala:103)
	at scala.tools.nsc.Global$GlobalPhase$$anonfun$applyPhase$1.apply$mcV$sp(Global.scala:467)
	at scala.tools.nsc.Global$GlobalPhase.withCurrentUnit(Global.scala:458)
	at scala.tools.nsc.Global$GlobalPhase.applyPhase(Global.scala:467)
	at scala.tools.nsc.Global$GlobalPhase$$anonfun$run$1.apply(Global.scala:425)
	at scala.tools.nsc.Global$GlobalPhase$$anonfun$run$1.apply(Global.scala:425)
	at scala.collection.Iterator$class.foreach(Iterator.scala:891)
	at scala.collection.AbstractIterator.foreach(Iterator.scala:1334)
	at scala.tools.nsc.Global$GlobalPhase.run(Global.scala:425)
	at scala.scalanative.nscplugin.NirGenPhase$NirCodePhase.run(NirGenPhase.scala:65)
	at scala.tools.nsc.Global$Run.compileUnitsInternal(Global.scala:1528)
	at scala.tools.nsc.Global$Run.compileUnits(Global.scala:1513)
	at scala.tools.nsc.Global$Run.compileSources(Global.scala:1508)
	at scala.tools.nsc.Global$Run.compile(Global.scala:1609)
	at xsbt.CachedCompiler0.run(CompilerInterface.scala:116)
	at xsbt.CachedCompiler0.run(CompilerInterface.scala:95)
	at xsbt.CompilerInterface.run(CompilerInterface.scala:26)
	at sun.reflect.NativeMethodAccessorImpl.invoke0(Native Method)
	at sun.reflect.NativeMethodAccessorImpl.invoke(NativeMethodAccessorImpl.java:62)
	at sun.reflect.DelegatingMethodAccessorImpl.invoke(DelegatingMethodAccessorImpl.java:43)
	at java.lang.reflect.Method.invoke(Method.java:498)
	at sbt.compiler.AnalyzingCompiler.call(AnalyzingCompiler.scala:107)
	at sbt.compiler.AnalyzingCompiler.compile(AnalyzingCompiler.scala:53)
	at sbt.compiler.AnalyzingCompiler.compile(AnalyzingCompiler.scala:47)
	at sbt.compiler.MixedAnalyzingCompiler$$anonfun$compileScala$1$1.apply$mcV$sp(MixedAnalyzingCompiler.scala:50)
	at sbt.compiler.MixedAnalyzingCompiler$$anonfun$compileScala$1$1.apply(MixedAnalyzingCompiler.scala:50)
	at sbt.compiler.MixedAnalyzingCompiler$$anonfun$compileScala$1$1.apply(MixedAnalyzingCompiler.scala:50)
	at sbt.compiler.MixedAnalyzingCompiler.timed(MixedAnalyzingCompiler.scala:74)
	at sbt.compiler.MixedAnalyzingCompiler.compileScala$1(MixedAnalyzingCompiler.scala:49)
	at sbt.compiler.MixedAnalyzingCompiler.compile(MixedAnalyzingCompiler.scala:64)
	at sbt.compiler.IC$$anonfun$compileInternal$1.apply(IncrementalCompiler.scala:160)
	at sbt.compiler.IC$$anonfun$compileInternal$1.apply(IncrementalCompiler.scala:160)
	at sbt.inc.IncrementalCompile$$anonfun$doCompile$1.apply(Compile.scala:66)
	at sbt.inc.IncrementalCompile$$anonfun$doCompile$1.apply(Compile.scala:64)
	at sbt.inc.IncrementalCommon.cycle(IncrementalCommon.scala:32)
	at sbt.inc.Incremental$$anonfun$1.apply(Incremental.scala:72)
	at sbt.inc.Incremental$$anonfun$1.apply(Incremental.scala:71)
	at sbt.inc.Incremental$.manageClassfiles(Incremental.scala:99)
	at sbt.inc.Incremental$.compile(Incremental.scala:71)
	at sbt.inc.IncrementalCompile$.apply(Compile.scala:54)
	at sbt.compiler.IC$.compileInternal(IncrementalCompiler.scala:160)
	at sbt.compiler.IC$.incrementalCompile(IncrementalCompiler.scala:138)
	at sbt.Compiler$.compile(Compiler.scala:155)
	at sbt.Compiler$.compile(Compiler.scala:141)
	at sbt.Defaults$.sbt$Defaults$$compileIncrementalTaskImpl(Defaults.scala:913)
	at sbt.Defaults$$anonfun$compileIncrementalTask$1.apply(Defaults.scala:904)
	at sbt.Defaults$$anonfun$compileIncrementalTask$1.apply(Defaults.scala:902)
	at scala.Function1$$anonfun$compose$1.apply(Function1.scala:47)
	at sbt.$tilde$greater$$anonfun$$u2219$1.apply(TypeFunctions.scala:40)
	at sbt.std.Transform$$anon$4.work(System.scala:63)
	at sbt.Execute$$anonfun$submit$1$$anonfun$apply$1.apply(Execute.scala:228)
	at sbt.Execute$$anonfun$submit$1$$anonfun$apply$1.apply(Execute.scala:228)
	at sbt.ErrorHandling$.wideConvert(ErrorHandling.scala:17)
	at sbt.Execute.work(Execute.scala:237)
	at sbt.Execute$$anonfun$submit$1.apply(Execute.scala:228)
	at sbt.Execute$$anonfun$submit$1.apply(Execute.scala:228)
	at sbt.ConcurrentRestrictions$$anon$4$$anonfun$1.apply(ConcurrentRestrictions.scala:159)
	at sbt.CompletionService$$anon$2.call(CompletionService.scala:28)
	at java.util.concurrent.FutureTask.run(FutureTask.java:266)
	at java.util.concurrent.Executors$RunnableAdapter.call(Executors.java:511)
	at java.util.concurrent.FutureTask.run(FutureTask.java:266)
	at java.util.concurrent.ThreadPoolExecutor.runWorker(ThreadPoolExecutor.java:1142)
	at java.util.concurrent.ThreadPoolExecutor$Worker.run(ThreadPoolExecutor.java:617)
	at java.lang.Thread.run(Thread.java:745)
[0m[[31merror[0m] [0m(nativelib/compile:[31mcompileIncremental[0m) java.util.NoSuchElementException: key not found: method while$1[0m
[0m[[31merror[0m] [0mTotal time: 32 s, completed Sep 16, 2017 5:40:19 PM[0m
